<?xml version="1.0" encoding="UTF-8"?>
<!-- Generated by org.testng.reporters.JUnitReportReporter -->
<testsuite skipped="0" hostname="DESKTOP-B4E308O" name="APITest.TestTest" tests="2" failures="0" timestamp="2021-07-22T00:57:39 IST" time="5.645" errors="0">
  <testcase name="AddAPIMEthod" time="1.544" classname="APITest.TestTest"/>
  <system-out/>
  <testcase name="AddAPIMEthod" time="4.101" classname="APITest.TestTest"/>
  <system-out/>
</testsuite> <!-- APITest.TestTest -->
